<?xml version="1.0" encoding="UTF-8"?>
<!-- Generated by org.testng.reporters.JUnitReportReporter -->
<testsuite hostname="LAPTOP-I7NRA6TI" failures="0" tests="1" name="com.w3.Qa.Testcases.HomePageTest" time="17.450" errors="0" timestamp="2024-07-14T22:09:34 IST" skipped="0">
  <testcase classname="com.w3.Qa.Testcases.HomePageTest" name="certificate" time="17.450"/>
  <system-out/>
</testsuite> <!-- com.w3.Qa.Testcases.HomePageTest -->
