<?xml version="1.0" encoding="UTF-8"?>
<!-- Generated by org.testng.reporters.JUnitReportReporter -->
<testsuite hostname="LAPTOP-I7NRA6TI" failures="0" tests="1" name="com.w3.Qa.Testcases.Trytesting_DropDownTest" time="12.315" errors="0" timestamp="2024-07-14T17:36:03 IST" skipped="0">
  <testcase classname="com.w3.Qa.Testcases.Trytesting_DropDownTest" name="printAllElement" time="12.315"/>
  <system-out/>
</testsuite> <!-- com.w3.Qa.Testcases.Trytesting_DropDownTest -->
